<?xml version="1.0" encoding="UTF-8" ?>
<testsuite tests="1" failures="0" name="com.xbz.ssmframework.core.dao.BaseDaoTest" time="0.029" errors="1" skipped="0">
  <properties>
[...]
</properties>
  <testcase classname="com.xbz.ssmframework.core.dao.BaseDaoTest" name="testSelectOneById" time="0.029">
    <error message="Failed to load ApplicationContext" type="java.lang.IllegalStateException">java.lang.IllegalStateException: Failed to load ApplicationContext
	at org.springframework.test.context.cache.DefaultCacheAwareContextLoaderDelegate.loadContext(DefaultCacheAwareContextLoaderDelegate.java:124)
	at org.springframework.test.context.support.DefaultTestContext.getApplicationContext(DefaultTestContext.java:83)
	at org.springframework.test.context.support.DependencyInjectionTestExecutionListener.injectDependencies(DependencyInjectionTestExecutionListener.java:117)
	at org.springframework.test.context.support.DependencyInjectionTestExecutionListener.prepareTestInstance(DependencyInjectionTestExecutionListener.java:83)
	at org.springframework.test.context.TestContextManager.prepareTestInstance(TestContextManager.java:230)
	at org.springframework.test.context.junit4.SpringJUnit4ClassRunner.createTest(SpringJUnit4ClassRunner.java:228)
	at org.springframework.test.context.junit4.SpringJUnit4ClassRunner$1.runReflectiveCall(SpringJUnit4ClassRunner.java:287)
	at org.junit.internal.runners.model.ReflectiveCallable.run(ReflectiveCallable.java:12)
	at org.springframework.test.context.junit4.SpringJUnit4ClassRunner.methodBlock(SpringJUnit4ClassRunner.java:289)
	at org.springframework.test.context.junit4.SpringJUnit4ClassRunner.runChild(SpringJUnit4ClassRunner.java:247)
	at org.springframework.test.context.junit4.SpringJUnit4ClassRunner.runChild(SpringJUnit4ClassRunner.java:94)
	at org.junit.runners.ParentRunner$3.run(ParentRunner.java:290)
	at org.junit.runners.ParentRunner$1.schedule(ParentRunner.java:71)
	at org.junit.runners.ParentRunner.runChildren(ParentRunner.java:288)
	at org.junit.runners.ParentRunner.access$000(ParentRunner.java:58)
	at org.junit.runners.ParentRunner$2.evaluate(ParentRunner.java:268)
	at org.junit.internal.runners.statements.RunBefores.evaluate(RunBefores.java:26)
	at org.springframework.test.context.junit4.statements.RunBeforeTestClassCallbacks.evaluate(RunBeforeTestClassCallbacks.java:61)
	at org.springframework.test.context.junit4.statements.RunAfterTestClassCallbacks.evaluate(RunAfterTestClassCallbacks.java:70)
	at org.junit.runners.ParentRunner.run(ParentRunner.java:363)
	at org.springframework.test.context.junit4.SpringJUnit4ClassRunner.run(SpringJUnit4ClassRunner.java:191)
	at org.apache.maven.surefire.junit4.JUnit4Provider.execute(JUnit4Provider.java:252)
	at org.apache.maven.surefire.junit4.JUnit4Provider.executeTestSet(JUnit4Provider.java:141)
	at org.apache.maven.surefire.junit4.JUnit4Provider.invoke(JUnit4Provider.java:112)
	at sun.reflect.NativeMethodAccessorImpl.invoke0(Native Method)
	at sun.reflect.NativeMethodAccessorImpl.invoke(NativeMethodAccessorImpl.java:62)
	at sun.reflect.DelegatingMethodAccessorImpl.invoke(DelegatingMethodAccessorImpl.java:43)
	at java.lang.reflect.Method.invoke(Method.java:498)
	at org.apache.maven.surefire.util.ReflectionUtils.invokeMethodWithArray(ReflectionUtils.java:189)
	at org.apache.maven.surefire.booter.ProviderFactory$ProviderProxy.invoke(ProviderFactory.java:165)
	at org.apache.maven.surefire.booter.ProviderFactory.invokeProvider(ProviderFactory.java:85)
	at org.apache.maven.surefire.booter.ForkedBooter.runSuitesInProcess(ForkedBooter.java:115)
	at org.apache.maven.surefire.booter.ForkedBooter.main(ForkedBooter.java:75)
Caused by: org.springframework.beans.factory.BeanCreationException: Error creating bean with name &apos;org.springframework.web.servlet.resource.ResourceHttpRequestHandler#0&apos;: Invocation of init method failed; nested exception is java.lang.IllegalStateException: WebApplicationObjectSupport instance [ResourceHttpRequestHandler [locations=[class path resource [WEB-INF/statics/]], resolvers=[org.springframework.web.servlet.resource.PathResourceResolver@701a32]]] does not run in a WebApplicationContext but in: org.springframework.context.support.GenericApplicationContext@24a35978: startup date [Sat Jun 30 19:22:59 CST 2018]; root of context hierarchy
	at org.springframework.beans.factory.support.AbstractAutowireCapableBeanFactory.initializeBean(AbstractAutowireCapableBeanFactory.java:1634)
	at org.springframework.beans.factory.support.AbstractAutowireCapableBeanFactory.doCreateBean(AbstractAutowireCapableBeanFactory.java:555)
	at org.springframework.beans.factory.support.AbstractAutowireCapableBeanFactory.createBean(AbstractAutowireCapableBeanFactory.java:483)
	at org.springframework.beans.factory.support.AbstractBeanFactory$1.getObject(AbstractBeanFactory.java:312)
	at org.springframework.beans.factory.support.DefaultSingletonBeanRegistry.getSingleton(DefaultSingletonBeanRegistry.java:230)
	at org.springframework.beans.factory.support.AbstractBeanFactory.doGetBean(AbstractBeanFactory.java:308)
	at org.springframework.beans.factory.support.AbstractBeanFactory.getBean(AbstractBeanFactory.java:197)
	at org.springframework.beans.factory.support.DefaultListableBeanFactory.preInstantiateSingletons(DefaultListableBeanFactory.java:761)
	at org.springframework.context.support.AbstractApplicationContext.finishBeanFactoryInitialization(AbstractApplicationContext.java:867)
	at org.springframework.context.support.AbstractApplicationContext.refresh(AbstractApplicationContext.java:543)
	at org.springframework.test.context.support.AbstractGenericContextLoader.loadContext(AbstractGenericContextLoader.java:128)
	at org.springframework.test.context.support.AbstractGenericContextLoader.loadContext(AbstractGenericContextLoader.java:60)
	at org.springframework.test.context.support.AbstractDelegatingSmartContextLoader.delegateLoading(AbstractDelegatingSmartContextLoader.java:106)
	at org.springframework.test.context.support.AbstractDelegatingSmartContextLoader.loadContext(AbstractDelegatingSmartContextLoader.java:249)
	at org.springframework.test.context.cache.DefaultCacheAwareContextLoaderDelegate.loadContextInternal(DefaultCacheAwareContextLoaderDelegate.java:98)
	at org.springframework.test.context.cache.DefaultCacheAwareContextLoaderDelegate.loadContext(DefaultCacheAwareContextLoaderDelegate.java:116)
	... 32 more
Caused by: java.lang.IllegalStateException: WebApplicationObjectSupport instance [ResourceHttpRequestHandler [locations=[class path resource [WEB-INF/statics/]], resolvers=[org.springframework.web.servlet.resource.PathResourceResolver@701a32]]] does not run in a WebApplicationContext but in: org.springframework.context.support.GenericApplicationContext@24a35978: startup date [Sat Jun 30 19:22:59 CST 2018]; root of context hierarchy
	at org.springframework.web.context.support.WebApplicationObjectSupport.getWebApplicationContext(WebApplicationObjectSupport.java:112)
	at org.springframework.web.context.support.WebApplicationObjectSupport.getServletContext(WebApplicationObjectSupport.java:128)
	at org.springframework.web.servlet.resource.ResourceHttpRequestHandler.initContentNegotiationStrategy(ResourceHttpRequestHandler.java:410)
	at org.springframework.web.servlet.resource.ResourceHttpRequestHandler.afterPropertiesSet(ResourceHttpRequestHandler.java:328)
	at org.springframework.beans.factory.support.AbstractAutowireCapableBeanFactory.invokeInitMethods(AbstractAutowireCapableBeanFactory.java:1692)
	at org.springframework.beans.factory.support.AbstractAutowireCapableBeanFactory.initializeBean(AbstractAutowireCapableBeanFactory.java:1630)
	... 47 more
</error>
    <system-out>19:23:00.627 [main] DEBUG org.apache.ibatis.logging.LogFactory - Logging initialized using &apos;class org.apache.ibatis.logging.slf4j.Slf4jImpl&apos; adapter.
19:23:00.989 [main] DEBUG com.baomidou.mybatisplus.toolkit.GlobalConfigUtils - DeBug: MyBatis Plus Global configuration Initializing !
19:23:01.010 [main] DEBUG com.baomidou.mybatisplus.MybatisConfiguration - addMappedStatement: com.baomidou.mybatisplus.mapper.SqlRunner.SelectList
19:23:01.011 [main] DEBUG com.baomidou.mybatisplus.MybatisConfiguration - addMappedStatement: com.baomidou.mybatisplus.mapper.SqlRunner.SelectObjs
19:23:01.012 [main] DEBUG com.baomidou.mybatisplus.MybatisConfiguration - addMappedStatement: com.baomidou.mybatisplus.mapper.SqlRunner.Insert
19:23:01.013 [main] DEBUG com.baomidou.mybatisplus.MybatisConfiguration - addMappedStatement: com.baomidou.mybatisplus.mapper.SqlRunner.Update
19:23:01.013 [main] DEBUG com.baomidou.mybatisplus.MybatisConfiguration - addMappedStatement: com.baomidou.mybatisplus.mapper.SqlRunner.Delete
19:23:01.013 [main] DEBUG com.baomidou.mybatisplus.MybatisConfiguration - addMappedStatement: com.baomidou.mybatisplus.mapper.SqlRunner.Count
19:23:01.014 [main] DEBUG com.baomidou.mybatisplus.MybatisConfiguration - Mybatis-plus init success.
19:23:01.021 [main] DEBUG org.apache.ibatis.io.VFS - Class not found: org.jboss.vfs.VFS
19:23:01.021 [main] DEBUG org.apache.ibatis.io.JBoss6VFS - JBoss 6 VFS API is not available in this environment.
19:23:01.022 [main] DEBUG org.apache.ibatis.io.VFS - Class not found: org.jboss.vfs.VirtualFile
19:23:01.023 [main] DEBUG org.apache.ibatis.io.VFS - VFS implementation org.apache.ibatis.io.JBoss6VFS is not valid in this environment.
19:23:01.024 [main] DEBUG org.apache.ibatis.io.VFS - Using VFS adapter org.apache.ibatis.io.DefaultVFS
19:23:01.025 [main] DEBUG org.apache.ibatis.io.DefaultVFS - Find JAR URL: file:/E:/EclipseWorkspaces/studyWorkspace/ssm-framework-parent/security-oauth2.0-server/src/main/webapp/WEB-INF/classes/com/xbz/ssmframework/model
19:23:01.025 [main] DEBUG org.apache.ibatis.io.DefaultVFS - Not a JAR: file:/E:/EclipseWorkspaces/studyWorkspace/ssm-framework-parent/security-oauth2.0-server/src/main/webapp/WEB-INF/classes/com/xbz/ssmframework/model
19:23:01.097 [main] DEBUG org.apache.ibatis.io.DefaultVFS - Reader entry: SysRole.class
19:23:01.098 [main] DEBUG org.apache.ibatis.io.DefaultVFS - Reader entry: SysUser.class
19:23:01.099 [main] DEBUG org.apache.ibatis.io.DefaultVFS - Listing file:/E:/EclipseWorkspaces/studyWorkspace/ssm-framework-parent/security-oauth2.0-server/src/main/webapp/WEB-INF/classes/com/xbz/ssmframework/model
19:23:01.099 [main] DEBUG org.apache.ibatis.io.DefaultVFS - Find JAR URL: file:/E:/EclipseWorkspaces/studyWorkspace/ssm-framework-parent/security-oauth2.0-server/src/main/webapp/WEB-INF/classes/com/xbz/ssmframework/model/SysRole.class
19:23:01.100 [main] DEBUG org.apache.ibatis.io.DefaultVFS - Not a JAR: file:/E:/EclipseWorkspaces/studyWorkspace/ssm-framework-parent/security-oauth2.0-server/src/main/webapp/WEB-INF/classes/com/xbz/ssmframework/model/SysRole.class
19:23:01.101 [main] DEBUG org.apache.ibatis.io.DefaultVFS - Reader entry: 漱壕&amp;#0;&amp;#0;&amp;#0;4&amp;#0;H
19:23:01.102 [main] DEBUG org.apache.ibatis.io.DefaultVFS - Find JAR URL: file:/E:/EclipseWorkspaces/studyWorkspace/ssm-framework-parent/security-oauth2.0-server/src/main/webapp/WEB-INF/classes/com/xbz/ssmframework/model/SysUser.class
19:23:01.103 [main] DEBUG org.apache.ibatis.io.DefaultVFS - Not a JAR: file:/E:/EclipseWorkspaces/studyWorkspace/ssm-framework-parent/security-oauth2.0-server/src/main/webapp/WEB-INF/classes/com/xbz/ssmframework/model/SysUser.class
19:23:01.104 [main] DEBUG org.apache.ibatis.io.DefaultVFS - Reader entry: 漱壕&amp;#0;&amp;#0;&amp;#0;4&amp;#0;z
19:23:01.105 [main] DEBUG org.apache.ibatis.io.ResolverUtil - Checking to see if class com.xbz.ssmframework.model.SysRole matches criteria [is assignable to Object]
19:23:01.108 [main] DEBUG org.apache.ibatis.io.ResolverUtil - Checking to see if class com.xbz.ssmframework.model.SysUser matches criteria [is assignable to Object]
19:23:01.110 [main] DEBUG org.mybatis.spring.SqlSessionFactoryBean - Scanned package: &apos;com.xbz.ssmframework.model&apos; for aliases
19:23:01.111 [main] DEBUG org.mybatis.spring.SqlSessionFactoryBean - Registered plugin: &apos;com.baomidou.mybatisplus.plugins.PaginationInterceptor@68759011&apos;
19:23:01.179 [main] DEBUG org.mybatis.spring.SqlSessionFactoryBean - Parsed configuration file: &apos;class path resource [mybatis/mybatis-config.xml]&apos;
19:23:01.224 [main] DEBUG org.mybatis.spring.SqlSessionFactoryBean - Property &apos;mapperLocations&apos; was not specified or no matching resources found
19:23:01.394 [main] DEBUG com.baomidou.mybatisplus.MybatisConfiguration - addMappedStatement: com.xbz.ssmframework.user.controller.SysUserMapper.deleteById
19:23:01.405 [main] DEBUG com.baomidou.mybatisplus.MybatisConfiguration - addMappedStatement: com.xbz.ssmframework.user.controller.SysUserMapper.deleteBatchIds
19:23:01.413 [main] DEBUG com.baomidou.mybatisplus.MybatisConfiguration - addMappedStatement: com.xbz.ssmframework.user.controller.SysUserMapper.updateById
19:23:01.417 [main] DEBUG com.baomidou.mybatisplus.MybatisConfiguration - addMappedStatement: com.xbz.ssmframework.user.controller.SysUserMapper.updateAllColumnById
19:23:01.418 [main] DEBUG com.baomidou.mybatisplus.MybatisConfiguration - addMappedStatement: com.xbz.ssmframework.user.controller.SysUserMapper.selectById
19:23:01.421 [main] DEBUG com.baomidou.mybatisplus.MybatisConfiguration - addMappedStatement: com.xbz.ssmframework.user.controller.SysUserMapper.selectBatchIds
19:23:01.428 [main] DEBUG com.baomidou.mybatisplus.MybatisConfiguration - addMappedStatement: com.xbz.ssmframework.user.controller.SysUserMapper.insert
19:23:01.432 [main] DEBUG com.baomidou.mybatisplus.MybatisConfiguration - addMappedStatement: com.xbz.ssmframework.user.controller.SysUserMapper.insertAllColumn
19:23:01.439 [main] DEBUG com.baomidou.mybatisplus.MybatisConfiguration - addMappedStatement: com.xbz.ssmframework.user.controller.SysUserMapper.delete
19:23:01.443 [main] DEBUG com.baomidou.mybatisplus.MybatisConfiguration - addMappedStatement: com.xbz.ssmframework.user.controller.SysUserMapper.deleteByMap
19:23:01.451 [main] DEBUG com.baomidou.mybatisplus.MybatisConfiguration - addMappedStatement: com.xbz.ssmframework.user.controller.SysUserMapper.update
19:23:01.457 [main] DEBUG com.baomidou.mybatisplus.MybatisConfiguration - addMappedStatement: com.xbz.ssmframework.user.controller.SysUserMapper.updateForSet
19:23:01.462 [main] DEBUG com.baomidou.mybatisplus.MybatisConfiguration - addMappedStatement: com.xbz.ssmframework.user.controller.SysUserMapper.selectByMap
19:23:01.467 [main] DEBUG com.baomidou.mybatisplus.MybatisConfiguration - addMappedStatement: com.xbz.ssmframework.user.controller.SysUserMapper.selectOne
19:23:01.475 [main] DEBUG com.baomidou.mybatisplus.MybatisConfiguration - addMappedStatement: com.xbz.ssmframework.user.controller.SysUserMapper.selectCount
19:23:01.482 [main] DEBUG com.baomidou.mybatisplus.MybatisConfiguration - addMappedStatement: com.xbz.ssmframework.user.controller.SysUserMapper.selectList
19:23:01.487 [main] DEBUG com.baomidou.mybatisplus.MybatisConfiguration - addMappedStatement: com.xbz.ssmframework.user.controller.SysUserMapper.selectPage
19:23:01.493 [main] DEBUG com.baomidou.mybatisplus.MybatisConfiguration - addMappedStatement: com.xbz.ssmframework.user.controller.SysUserMapper.selectMaps
19:23:01.498 [main] DEBUG com.baomidou.mybatisplus.MybatisConfiguration - addMappedStatement: com.xbz.ssmframework.user.controller.SysUserMapper.selectMapsPage
19:23:01.503 [main] DEBUG com.baomidou.mybatisplus.MybatisConfiguration - addMappedStatement: com.xbz.ssmframework.user.controller.SysUserMapper.selectObjs
19:23:01.514 [main] DEBUG com.baomidou.mybatisplus.MybatisConfiguration - addMappedStatement: com.xbz.ssmframework.user.controller.SysUserMapper.selectRolesByUsername
</system-out>
    <system-err>六月 30, 2018 7:22:57 下午 org.springframework.test.context.support.DefaultTestContextBootstrapper getDefaultTestExecutionListenerClassNames
信息: Loaded default TestExecutionListener class names from location [META-INF/spring.factories]: [org.springframework.test.context.web.ServletTestExecutionListener, org.springframework.test.context.support.DirtiesContextBeforeModesTestExecutionListener, org.springframework.test.context.support.DependencyInjectionTestExecutionListener, org.springframework.test.context.support.DirtiesContextTestExecutionListener, org.springframework.test.context.transaction.TransactionalTestExecutionListener, org.springframework.test.context.jdbc.SqlScriptsTestExecutionListener]
六月 30, 2018 7:22:57 下午 org.springframework.test.context.support.DefaultTestContextBootstrapper getTestExecutionListeners
信息: Using TestExecutionListeners: [org.springframework.test.context.web.ServletTestExecutionListener@59f99ea, org.springframework.test.context.support.DirtiesContextBeforeModesTestExecutionListener@27efef64, org.springframework.test.context.support.DependencyInjectionTestExecutionListener@6f7fd0e6, org.springframework.test.context.support.DirtiesContextTestExecutionListener@47c62251, org.springframework.test.context.transaction.TransactionalTestExecutionListener@3e6fa38a, org.springframework.test.context.jdbc.SqlScriptsTestExecutionListener@66a3ffec]
六月 30, 2018 7:22:57 下午 com.mchange.v2.log.MLog &lt;clinit&gt;
信息: MLog clients using java 1.4+ standard logging.
六月 30, 2018 7:22:58 下午 com.mchange.v2.c3p0.C3P0Registry banner
信息: Initializing c3p0-0.9.1.2 [built 21-May-2007 15:04:56; debug? true; trace: 10]
六月 30, 2018 7:22:58 下午 com.mchange.v2.c3p0.impl.AbstractPoolBackedDataSource getPoolManager
信息: Initializing c3p0 pool... com.mchange.v2.c3p0.ComboPooledDataSource [ acquireIncrement -&gt; 3, acquireRetryAttempts -&gt; 30, acquireRetryDelay -&gt; 1000, autoCommitOnClose -&gt; false, automaticTestTable -&gt; null, breakAfterAcquireFailure -&gt; false, checkoutTimeout -&gt; 0, connectionCustomizerClassName -&gt; null, connectionTesterClassName -&gt; com.mchange.v2.c3p0.impl.DefaultConnectionTester, dataSourceName -&gt; 1hge15y9wmber9o1bivthg|731a74c, debugUnreturnedConnectionStackTraces -&gt; false, description -&gt; null, driverClass -&gt; com.mysql.jdbc.Driver, factoryClassLocation -&gt; null, forceIgnoreUnresolvedTransactions -&gt; false, identityToken -&gt; 1hge15y9wmber9o1bivthg|731a74c, idleConnectionTestPeriod -&gt; 0, initialPoolSize -&gt; 2, jdbcUrl -&gt; jdbc:mysql://localhost:3306/ssm_framwork?useUnicode=true&amp;characterEncoding=UTF-8, maxAdministrativeTaskTime -&gt; 0, maxConnectionAge -&gt; 0, maxIdleTime -&gt; 0, maxIdleTimeExcessConnections -&gt; 0, maxPoolSize -&gt; 5, maxStatements -&gt; 0, maxStatementsPerConnection -&gt; 0, minPoolSize -&gt; 3, numHelperThreads -&gt; 3, numThreadsAwaitingCheckoutDefaultUser -&gt; 0, preferredTestQuery -&gt; null, properties -&gt; {user=******, password=******}, propertyCycle -&gt; 0, testConnectionOnCheckin -&gt; false, testConnectionOnCheckout -&gt; false, unreturnedConnectionTimeout -&gt; 0, usesTraditionalReflectiveProxies -&gt; false ]
六月 30, 2018 7:22:58 下午 org.springframework.mock.jndi.SimpleNamingContextBuilder bind
信息: Static JNDI binding: [java:comp/env/dataSource] = [com.mchange.v2.c3p0.ComboPooledDataSource [ acquireIncrement -&gt; 3, acquireRetryAttempts -&gt; 30, acquireRetryDelay -&gt; 1000, autoCommitOnClose -&gt; false, automaticTestTable -&gt; null, breakAfterAcquireFailure -&gt; false, checkoutTimeout -&gt; 0, connectionCustomizerClassName -&gt; null, connectionTesterClassName -&gt; com.mchange.v2.c3p0.impl.DefaultConnectionTester, dataSourceName -&gt; 1hge15y9wmber9o1bivthg|731a74c, debugUnreturnedConnectionStackTraces -&gt; false, description -&gt; null, driverClass -&gt; com.mysql.jdbc.Driver, factoryClassLocation -&gt; null, forceIgnoreUnresolvedTransactions -&gt; false, identityToken -&gt; 1hge15y9wmber9o1bivthg|731a74c, idleConnectionTestPeriod -&gt; 0, initialPoolSize -&gt; 2, jdbcUrl -&gt; jdbc:mysql://localhost:3306/ssm_framwork?useUnicode=true&amp;characterEncoding=UTF-8, maxAdministrativeTaskTime -&gt; 0, maxConnectionAge -&gt; 0, maxIdleTime -&gt; 0, maxIdleTimeExcessConnections -&gt; 0, maxPoolSize -&gt; 5, maxStatements -&gt; 0, maxStatementsPerConnection -&gt; 0, minPoolSize -&gt; 3, numHelperThreads -&gt; 3, numThreadsAwaitingCheckoutDefaultUser -&gt; 0, preferredTestQuery -&gt; null, properties -&gt; {user=******, password=******}, propertyCycle -&gt; 0, testConnectionOnCheckin -&gt; false, testConnectionOnCheckout -&gt; false, unreturnedConnectionTimeout -&gt; 0, usesTraditionalReflectiveProxies -&gt; false ]]
六月 30, 2018 7:22:58 下午 org.springframework.mock.jndi.SimpleNamingContextBuilder activate
信息: Activating simple JNDI environment
六月 30, 2018 7:22:58 下午 org.springframework.beans.factory.xml.XmlBeanDefinitionReader loadBeanDefinitions
信息: Loading XML bean definitions from URL [file:/E:/EclipseWorkspaces/studyWorkspace/ssm-framework-parent/security-oauth2.0-server/src/main/webapp/WEB-INF/classes/spring/app-mvc.xml]
Sat Jun 30 19:22:58 CST 2018 WARN: Establishing SSL connection without server&apos;s identity verification is not recommended. According to MySQL 5.5.45+, 5.6.26+ and 5.7.6+ requirements SSL connection must be established by default if explicit option isn&apos;t set. For compliance with existing applications not using SSL the verifyServerCertificate property is set to &apos;false&apos;. You need either to explicitly disable SSL by setting useSSL=false, or set useSSL=true and provide truststore for server certificate verification.
Sat Jun 30 19:22:58 CST 2018 WARN: Establishing SSL connection without server&apos;s identity verification is not recommended. According to MySQL 5.5.45+, 5.6.26+ and 5.7.6+ requirements SSL connection must be established by default if explicit option isn&apos;t set. For compliance with existing applications not using SSL the verifyServerCertificate property is set to &apos;false&apos;. You need either to explicitly disable SSL by setting useSSL=false, or set useSSL=true and provide truststore for server certificate verification.
Sat Jun 30 19:22:58 CST 2018 WARN: Establishing SSL connection without server&apos;s identity verification is not recommended. According to MySQL 5.5.45+, 5.6.26+ and 5.7.6+ requirements SSL connection must be established by default if explicit option isn&apos;t set. For compliance with existing applications not using SSL the verifyServerCertificate property is set to &apos;false&apos;. You need either to explicitly disable SSL by setting useSSL=false, or set useSSL=true and provide truststore for server certificate verification.
六月 30, 2018 7:22:58 下午 org.springframework.beans.factory.xml.XmlBeanDefinitionReader loadBeanDefinitions
信息: Loading XML bean definitions from file [E:\EclipseWorkspaces\studyWorkspace\ssm-framework-parent\security-oauth2.0-server\src\main\webapp\WEB-INF\classes\spring\application-core.xml]
六月 30, 2018 7:22:59 下午 org.springframework.beans.factory.xml.XmlBeanDefinitionReader loadBeanDefinitions
信息: Loading XML bean definitions from file [E:\EclipseWorkspaces\studyWorkspace\ssm-framework-parent\security-oauth2.0-server\src\main\webapp\WEB-INF\classes\spring\application-mybatis.xml]
六月 30, 2018 7:22:59 下午 org.springframework.beans.factory.xml.XmlBeanDefinitionReader loadBeanDefinitions
信息: Loading XML bean definitions from file [E:\EclipseWorkspaces\studyWorkspace\ssm-framework-parent\security-oauth2.0-server\src\main\webapp\WEB-INF\classes\spring\application-security-oauth2.xml]
六月 30, 2018 7:22:59 下午 org.springframework.security.core.SpringSecurityCoreVersion performVersionChecks
信息: You are running with Spring Security Core 4.2.6.RELEASE
六月 30, 2018 7:22:59 下午 org.springframework.security.config.SecurityNamespaceHandler &lt;init&gt;
信息: Spring Security &apos;config&apos; module version is 4.2.6.RELEASE
六月 30, 2018 7:22:59 下午 org.springframework.security.config.http.FilterInvocationSecurityMetadataSourceParser parseInterceptUrlsForFilterInvocationRequestMap
信息: Creating access control expression attribute &apos;anonymous&apos; for /statics/**
六月 30, 2018 7:22:59 下午 org.springframework.security.config.http.FilterInvocationSecurityMetadataSourceParser parseInterceptUrlsForFilterInvocationRequestMap
信息: Creating access control expression attribute &apos;anonymous&apos; for /login
六月 30, 2018 7:22:59 下午 org.springframework.security.config.http.FilterInvocationSecurityMetadataSourceParser parseInterceptUrlsForFilterInvocationRequestMap
信息: Creating access control expression attribute &apos;authenticated&apos; for /**
六月 30, 2018 7:22:59 下午 org.springframework.security.config.http.HttpSecurityBeanDefinitionParser checkFilterChainOrder
信息: Checking sorted filter chain: [Root bean: class [org.springframework.security.web.context.SecurityContextPersistenceFilter]; scope=; abstract=false; lazyInit=false; autowireMode=0; dependencyCheck=0; autowireCandidate=true; primary=false; factoryBeanName=null; factoryMethodName=null; initMethodName=null; destroyMethodName=null, order = 200, Root bean: class [org.springframework.security.web.context.request.async.WebAsyncManagerIntegrationFilter]; scope=; abstract=false; lazyInit=false; autowireMode=0; dependencyCheck=0; autowireCandidate=true; primary=false; factoryBeanName=null; factoryMethodName=null; initMethodName=null; destroyMethodName=null, order = 400, Root bean: class [org.springframework.security.web.header.HeaderWriterFilter]; scope=; abstract=false; lazyInit=false; autowireMode=0; dependencyCheck=0; autowireCandidate=true; primary=false; factoryBeanName=null; factoryMethodName=null; initMethodName=null; destroyMethodName=null, order = 500, Root bean: class [org.springframework.security.web.csrf.CsrfFilter]; scope=; abstract=false; lazyInit=false; autowireMode=0; dependencyCheck=0; autowireCandidate=true; primary=false; factoryBeanName=null; factoryMethodName=null; initMethodName=null; destroyMethodName=null, order = 700, Root bean: class [org.springframework.security.web.authentication.logout.LogoutFilter]; scope=; abstract=false; lazyInit=false; autowireMode=0; dependencyCheck=0; autowireCandidate=true; primary=false; factoryBeanName=null; factoryMethodName=null; initMethodName=null; destroyMethodName=null, order = 800, &lt;sysUsernamePasswordAuthenticationFilter&gt;, order = 1200, Root bean: class [org.springframework.security.web.savedrequest.RequestCacheAwareFilter]; scope=; abstract=false; lazyInit=false; autowireMode=0; dependencyCheck=0; autowireCandidate=true; primary=false; factoryBeanName=null; factoryMethodName=null; initMethodName=null; destroyMethodName=null, order = 1700, Root bean: class [null]; scope=; abstract=false; lazyInit=false; autowireMode=0; dependencyCheck=0; autowireCandidate=true; primary=false; factoryBeanName=org.springframework.security.config.http.HttpConfigurationBuilder$SecurityContextHolderAwareRequestFilterBeanFactory#0; factoryMethodName=getBean; initMethodName=null; destroyMethodName=null, order = 1800, Root bean: class [org.springframework.security.web.authentication.AnonymousAuthenticationFilter]; scope=; abstract=false; lazyInit=false; autowireMode=0; dependencyCheck=0; autowireCandidate=true; primary=false; factoryBeanName=null; factoryMethodName=null; initMethodName=null; destroyMethodName=null, order = 2100, Root bean: class [org.springframework.security.web.session.SessionManagementFilter]; scope=; abstract=false; lazyInit=false; autowireMode=0; dependencyCheck=0; autowireCandidate=true; primary=false; factoryBeanName=null; factoryMethodName=null; initMethodName=null; destroyMethodName=null, order = 2200, Root bean: class [org.springframework.security.web.access.ExceptionTranslationFilter]; scope=; abstract=false; lazyInit=false; autowireMode=0; dependencyCheck=0; autowireCandidate=true; primary=false; factoryBeanName=null; factoryMethodName=null; initMethodName=null; destroyMethodName=null, order = 2300, &lt;org.springframework.security.web.access.intercept.FilterSecurityInterceptor#0&gt;, order = 2400]
六月 30, 2018 7:22:59 下午 org.springframework.context.support.GenericApplicationContext prepareRefresh
信息: Refreshing org.springframework.context.support.GenericApplicationContext@24a35978: startup date [Sat Jun 30 19:22:59 CST 2018]; root of context hierarchy
六月 30, 2018 7:22:59 下午 org.springframework.context.annotation.ConfigurationClassBeanDefinitionReader isOverriddenByExistingDefinition
信息: Skipping bean definition for [BeanMethod:name=requestDataValueProcessor,declaringClass=org.springframework.security.config.annotation.web.configuration.WebMvcSecurityConfiguration]: a definition for bean &apos;requestDataValueProcessor&apos; already exists. This top-level bean definition is considered as an override.
六月 30, 2018 7:23:02 下午 org.springframework.web.servlet.handler.SimpleUrlHandlerMapping registerHandler
信息: Root mapping to handler of type [class org.springframework.web.servlet.mvc.ParameterizableViewController]
六月 30, 2018 7:23:02 下午 org.springframework.web.servlet.mvc.method.annotation.RequestMappingHandlerMapping register
信息: Mapped &quot;{[/login]}&quot; onto public java.lang.String com.xbz.ssmframework.login.controller.LoginController.login(org.springframework.ui.Model,javax.servlet.http.HttpServletRequest,javax.servlet.http.HttpSession)
六月 30, 2018 7:23:02 下午 org.springframework.web.servlet.mvc.method.annotation.RequestMappingHandlerMapping register
信息: Mapped &quot;{[/home]}&quot; onto public java.lang.String com.xbz.ssmframework.login.controller.LoginController.home()
六月 30, 2018 7:23:02 下午 org.springframework.web.servlet.mvc.method.annotation.RequestMappingHandlerMapping register
信息: Mapped &quot;{[/403]}&quot; onto public java.lang.String com.xbz.ssmframework.login.controller.LoginController._403()
六月 30, 2018 7:23:02 下午 org.springframework.web.servlet.mvc.method.annotation.RequestMappingHandlerMapping register
信息: Mapped &quot;{[/user/list]}&quot; onto public java.lang.String com.xbz.ssmframework.user.controller.UserController.list(javax.servlet.http.HttpServletRequest)
六月 30, 2018 7:23:02 下午 org.springframework.web.servlet.mvc.method.annotation.RequestMappingHandlerAdapter initControllerAdviceCache
信息: Looking for @ControllerAdvice: org.springframework.context.support.GenericApplicationContext@24a35978: startup date [Sat Jun 30 19:22:59 CST 2018]; root of context hierarchy
六月 30, 2018 7:23:02 下午 org.springframework.web.servlet.mvc.method.annotation.RequestMappingHandlerAdapter initControllerAdviceCache
信息: Looking for @ControllerAdvice: org.springframework.context.support.GenericApplicationContext@24a35978: startup date [Sat Jun 30 19:22:59 CST 2018]; root of context hierarchy
六月 30, 2018 7:23:02 下午 org.springframework.context.support.GenericApplicationContext refresh
警告: Exception encountered during context initialization - cancelling refresh attempt: org.springframework.beans.factory.BeanCreationException: Error creating bean with name &apos;org.springframework.web.servlet.resource.ResourceHttpRequestHandler#0&apos;: Invocation of init method failed; nested exception is java.lang.IllegalStateException: WebApplicationObjectSupport instance [ResourceHttpRequestHandler [locations=[class path resource [WEB-INF/statics/]], resolvers=[org.springframework.web.servlet.resource.PathResourceResolver@701a32]]] does not run in a WebApplicationContext but in: org.springframework.context.support.GenericApplicationContext@24a35978: startup date [Sat Jun 30 19:22:59 CST 2018]; root of context hierarchy
六月 30, 2018 7:23:02 下午 org.springframework.test.context.TestContextManager prepareTestInstance
严重: Caught exception while allowing TestExecutionListener [org.springframework.test.context.support.DependencyInjectionTestExecutionListener@6f7fd0e6] to prepare test instance [com.xbz.ssmframework.core.dao.BaseDaoTest@4c060c8f]
java.lang.IllegalStateException: Failed to load ApplicationContext
	at org.springframework.test.context.cache.DefaultCacheAwareContextLoaderDelegate.loadContext(DefaultCacheAwareContextLoaderDelegate.java:124)
	at org.springframework.test.context.support.DefaultTestContext.getApplicationContext(DefaultTestContext.java:83)
	at org.springframework.test.context.support.DependencyInjectionTestExecutionListener.injectDependencies(DependencyInjectionTestExecutionListener.java:117)
	at org.springframework.test.context.support.DependencyInjectionTestExecutionListener.prepareTestInstance(DependencyInjectionTestExecutionListener.java:83)
	at org.springframework.test.context.TestContextManager.prepareTestInstance(TestContextManager.java:230)
	at org.springframework.test.context.junit4.SpringJUnit4ClassRunner.createTest(SpringJUnit4ClassRunner.java:228)
	at org.springframework.test.context.junit4.SpringJUnit4ClassRunner$1.runReflectiveCall(SpringJUnit4ClassRunner.java:287)
	at org.junit.internal.runners.model.ReflectiveCallable.run(ReflectiveCallable.java:12)
	at org.springframework.test.context.junit4.SpringJUnit4ClassRunner.methodBlock(SpringJUnit4ClassRunner.java:289)
	at org.springframework.test.context.junit4.SpringJUnit4ClassRunner.runChild(SpringJUnit4ClassRunner.java:247)
	at org.springframework.test.context.junit4.SpringJUnit4ClassRunner.runChild(SpringJUnit4ClassRunner.java:94)
	at org.junit.runners.ParentRunner$3.run(ParentRunner.java:290)
	at org.junit.runners.ParentRunner$1.schedule(ParentRunner.java:71)
	at org.junit.runners.ParentRunner.runChildren(ParentRunner.java:288)
	at org.junit.runners.ParentRunner.access$000(ParentRunner.java:58)
	at org.junit.runners.ParentRunner$2.evaluate(ParentRunner.java:268)
	at org.junit.internal.runners.statements.RunBefores.evaluate(RunBefores.java:26)
	at org.springframework.test.context.junit4.statements.RunBeforeTestClassCallbacks.evaluate(RunBeforeTestClassCallbacks.java:61)
	at org.springframework.test.context.junit4.statements.RunAfterTestClassCallbacks.evaluate(RunAfterTestClassCallbacks.java:70)
	at org.junit.runners.ParentRunner.run(ParentRunner.java:363)
	at org.springframework.test.context.junit4.SpringJUnit4ClassRunner.run(SpringJUnit4ClassRunner.java:191)
	at org.apache.maven.surefire.junit4.JUnit4Provider.execute(JUnit4Provider.java:252)
	at org.apache.maven.surefire.junit4.JUnit4Provider.executeTestSet(JUnit4Provider.java:141)
	at org.apache.maven.surefire.junit4.JUnit4Provider.invoke(JUnit4Provider.java:112)
	at sun.reflect.NativeMethodAccessorImpl.invoke0(Native Method)
	at sun.reflect.NativeMethodAccessorImpl.invoke(NativeMethodAccessorImpl.java:62)
	at sun.reflect.DelegatingMethodAccessorImpl.invoke(DelegatingMethodAccessorImpl.java:43)
	at java.lang.reflect.Method.invoke(Method.java:498)
	at org.apache.maven.surefire.util.ReflectionUtils.invokeMethodWithArray(ReflectionUtils.java:189)
	at org.apache.maven.surefire.booter.ProviderFactory$ProviderProxy.invoke(ProviderFactory.java:165)
	at org.apache.maven.surefire.booter.ProviderFactory.invokeProvider(ProviderFactory.java:85)
	at org.apache.maven.surefire.booter.ForkedBooter.runSuitesInProcess(ForkedBooter.java:115)
	at org.apache.maven.surefire.booter.ForkedBooter.main(ForkedBooter.java:75)
Caused by: org.springframework.beans.factory.BeanCreationException: Error creating bean with name &apos;org.springframework.web.servlet.resource.ResourceHttpRequestHandler#0&apos;: Invocation of init method failed; nested exception is java.lang.IllegalStateException: WebApplicationObjectSupport instance [ResourceHttpRequestHandler [locations=[class path resource [WEB-INF/statics/]], resolvers=[org.springframework.web.servlet.resource.PathResourceResolver@701a32]]] does not run in a WebApplicationContext but in: org.springframework.context.support.GenericApplicationContext@24a35978: startup date [Sat Jun 30 19:22:59 CST 2018]; root of context hierarchy
	at org.springframework.beans.factory.support.AbstractAutowireCapableBeanFactory.initializeBean(AbstractAutowireCapableBeanFactory.java:1634)
	at org.springframework.beans.factory.support.AbstractAutowireCapableBeanFactory.doCreateBean(AbstractAutowireCapableBeanFactory.java:555)
	at org.springframework.beans.factory.support.AbstractAutowireCapableBeanFactory.createBean(AbstractAutowireCapableBeanFactory.java:483)
	at org.springframework.beans.factory.support.AbstractBeanFactory$1.getObject(AbstractBeanFactory.java:312)
	at org.springframework.beans.factory.support.DefaultSingletonBeanRegistry.getSingleton(DefaultSingletonBeanRegistry.java:230)
	at org.springframework.beans.factory.support.AbstractBeanFactory.doGetBean(AbstractBeanFactory.java:308)
	at org.springframework.beans.factory.support.AbstractBeanFactory.getBean(AbstractBeanFactory.java:197)
	at org.springframework.beans.factory.support.DefaultListableBeanFactory.preInstantiateSingletons(DefaultListableBeanFactory.java:761)
	at org.springframework.context.support.AbstractApplicationContext.finishBeanFactoryInitialization(AbstractApplicationContext.java:867)
	at org.springframework.context.support.AbstractApplicationContext.refresh(AbstractApplicationContext.java:543)
	at org.springframework.test.context.support.AbstractGenericContextLoader.loadContext(AbstractGenericContextLoader.java:128)
	at org.springframework.test.context.support.AbstractGenericContextLoader.loadContext(AbstractGenericContextLoader.java:60)
	at org.springframework.test.context.support.AbstractDelegatingSmartContextLoader.delegateLoading(AbstractDelegatingSmartContextLoader.java:106)
	at org.springframework.test.context.support.AbstractDelegatingSmartContextLoader.loadContext(AbstractDelegatingSmartContextLoader.java:249)
	at org.springframework.test.context.cache.DefaultCacheAwareContextLoaderDelegate.loadContextInternal(DefaultCacheAwareContextLoaderDelegate.java:98)
	at org.springframework.test.context.cache.DefaultCacheAwareContextLoaderDelegate.loadContext(DefaultCacheAwareContextLoaderDelegate.java:116)
	... 32 more
Caused by: java.lang.IllegalStateException: WebApplicationObjectSupport instance [ResourceHttpRequestHandler [locations=[class path resource [WEB-INF/statics/]], resolvers=[org.springframework.web.servlet.resource.PathResourceResolver@701a32]]] does not run in a WebApplicationContext but in: org.springframework.context.support.GenericApplicationContext@24a35978: startup date [Sat Jun 30 19:22:59 CST 2018]; root of context hierarchy
	at org.springframework.web.context.support.WebApplicationObjectSupport.getWebApplicationContext(WebApplicationObjectSupport.java:112)
	at org.springframework.web.context.support.WebApplicationObjectSupport.getServletContext(WebApplicationObjectSupport.java:128)
	at org.springframework.web.servlet.resource.ResourceHttpRequestHandler.initContentNegotiationStrategy(ResourceHttpRequestHandler.java:410)
	at org.springframework.web.servlet.resource.ResourceHttpRequestHandler.afterPropertiesSet(ResourceHttpRequestHandler.java:328)
	at org.springframework.beans.factory.support.AbstractAutowireCapableBeanFactory.invokeInitMethods(AbstractAutowireCapableBeanFactory.java:1692)
	at org.springframework.beans.factory.support.AbstractAutowireCapableBeanFactory.initializeBean(AbstractAutowireCapableBeanFactory.java:1630)
	... 47 more

</system-err>
  </testcase>
</testsuite>